<?xml version='1.0' encoding='UTF-8'?>
<testsuite hostname="arch-thelio" name="fp1tests" tests="10" errors="0" failures="0" skipped="0" time="0.027" timestamp="2024-04-19T15:17:07">
          <properties>
[...]
</properties>
          <testcase classname="fp1tests" name="EX01 - factTest" time="0.013">
                      
                    </testcase><testcase classname="fp1tests" name="EX02 - fib" time="0.01">
                      
                    </testcase><testcase classname="fp1tests" name="EX03 - sum" time="0.001">
                      
                    </testcase><testcase classname="fp1tests" name="EX04 - sumTail" time="0.0">
                      
                    </testcase><testcase classname="fp1tests" name="EX05 - maxList" time="0.002">
                      
                    </testcase><testcase classname="fp1tests" name="EX06 - maxTailAux" time="0.001">
                      
                    </testcase><testcase classname="fp1tests" name="EX07 - constant5" time="0.0">
                      
                    </testcase><testcase classname="fp1tests" name="EX08 - constant" time="0.0">
                      
                    </testcase><testcase classname="fp1tests" name="EX09 - counter0" time="0.0">
                      
                    </testcase><testcase classname="fp1tests" name="EX10 - counter" time="0.0">
                      
                    </testcase>
          <system-out><![CDATA[]]></system-out>
          <system-err><![CDATA[]]></system-err>
        </testsuite>